<?xml version="1.0" encoding="UTF-8"?>
<testsuite xmlns:xsi="http://www.w3.org/2001/XMLSchema-instance" xsi:noNamespaceSchemaLocation="https://maven.apache.org/surefire/maven-surefire-plugin/xsd/surefire-test-report.xsd" name="com.example.demo1.service.MemberServiceTest" time="1.029" tests="13" errors="0" skipped="0" failures="0">
  <properties>
[...]
</properties>
  <testcase name="findByNameContainsStr" classname="com.example.demo1.service.MemberServiceTest" time="0.319"/>
  <testcase name="testGetStudent" classname="com.example.demo1.service.MemberServiceTest" time="0.061"/>
  <testcase name="testSave" classname="com.example.demo1.service.MemberServiceTest" time="0.133"/>
  <testcase name="testGetTeacher" classname="com.example.demo1.service.MemberServiceTest" time="0.027"/>
  <testcase name="testFindByName" classname="com.example.demo1.service.MemberServiceTest" time="0.027"/>
  <testcase name="testGetAllTeacherByCriteria" classname="com.example.demo1.service.MemberServiceTest" time="0.04"/>
  <testcase name="getAllMemberByCriteria" classname="com.example.demo1.service.MemberServiceTest" time="0.089"/>
  <testcase name="testGetAllMember" classname="com.example.demo1.service.MemberServiceTest" time="0.048"/>
  <testcase name="testGetAllStudentByCriteria" classname="com.example.demo1.service.MemberServiceTest" time="0.041"/>
  <testcase name="testGetAllStudent" classname="com.example.demo1.service.MemberServiceTest" time="0.031"/>
  <testcase name="testDelete" classname="com.example.demo1.service.MemberServiceTest" time="0.013"/>
  <testcase name="testGetAllTeacher" classname="com.example.demo1.service.MemberServiceTest" time="0.023"/>
  <testcase name="testUpdate" classname="com.example.demo1.service.MemberServiceTest" time="0"/>
</testsuite>